<?xml version="1.0" encoding="UTF-8"?>
<!-- Generated by org.testng.reporters.JUnitXMLReporter -->
<testsuite ignored="0" hostname="DESKTOP-9FF3BPS" failures="0" tests="4" name="HighPriorityTest" time="33.229" errors="0" timestamp="2022-10-06T23:28:42 IST">
  <testcase classname="com.sauceDemo.TestClasses.TC01_VerifyLoginFunctionality" name="verifyLoginFunctionality" time="0.201"/>
  <testcase classname="com.sauceDemo.TestClasses.TC03_VerifyBagAddToCartFuctionality" name="verifyBagAddToCartFunctionality" time="1.203"/>
  <testcase classname="com.sauceDemo.TestClasses.TC02_VerifyLogOutFunctionality" name="verifyLogoutFunctionality" time="0.516"/>
  <testcase classname="com.sauceDemo.TestClasses.TC01_VerifyLoginFunctionality" name="verifyAboutFuctionality" time="10.459"/>
</testsuite> <!-- HighPriorityTest -->
