<?xml version="1.0" encoding="UTF-8"?>
<!-- Generated by org.testng.reporters.JUnitXMLReporter -->
<testsuite ignored="0" hostname="DESKTOP-9FF3BPS" failures="0" tests="5" name="Default test" time="39.324" errors="0" timestamp="2022-10-06T16:32:08 IST">
  <testcase classname="com.sauceDemo.TestClasses.AllCombination" name="verifyAboutFuctionality" time="8.343"/>
  <testcase classname="com.sauceDemo.TestClasses.AllCombination" name="verifyBagAddToCartFunctionality" time="0.284"/>
  <testcase classname="com.sauceDemo.TestClasses.AllCombination" name="verifyFilterFunctionality" time="0.806"/>
  <testcase classname="com.sauceDemo.TestClasses.AllCombination" name="verifyLoginFunctionality" time="0.009"/>
  <testcase classname="com.sauceDemo.TestClasses.AllCombination" name="verifyLogoutFunctionality" time="0.564"/>
</testsuite> <!-- Default test -->
