<?xml version="1.0" encoding="UTF-8"?>
<!-- Generated by org.testng.reporters.JUnitXMLReporter -->
<testsuite ignored="0" hostname="DESKTOP-9FF3BPS" failures="1" tests="7" name="Test" time="62.058" errors="0" timestamp="2022-10-06T22:10:16 IST">
  <testcase classname="com.sauceDemo.TestClasses.TC01_VerifyLoginFunctionality" name="verifyLoginFunctionality" time="0.163"/>
  <testcase classname="com.sauceDemo.TestClasses.TC01_VerifyLoginFunctionality" name="verifyAboutFuctionality" time="12.829"/>
  <testcase classname="com.sauceDemo.TestClasses.TC02_VerifyLogOutFunctionality" name="verifyLogoutFunctionality" time="0.398"/>
  <testcase classname="com.sauceDemo.TestClasses.TC03_VerifyBagAddToCartFuctionality" name="verifyBagAddToCartFunctionality" time="0.292"/>
  <testcase classname="com.sauceDemo.TestClasses.TC04_VerifyAllproductAddToCartFunctionality" name="verifyAllProductFunctionality" time="0.676"/>
  <testcase classname="com.sauceDemo.TestClasses.TC05_VerifyFilterFunctionality" name="verifyFilterFunctionality" time="0.001">
    <failure type="java.lang.Error" message="Unresolved compilation problem: 
	clickDropDown cannot be resolved
">
      <![CDATA[java.lang.Error: Unresolved compilation problem: 
clickDropDown cannot be resolved

at com.sauceDemo.TestClasses.TC05_VerifyFilterFunctionality.verifyFilterFunctionality(TC05_VerifyFilterFunctionality.java:50)
at java.base/java.util.ArrayList.forEach(ArrayList.java:1511)
... Removed 25 stack frames]]>
    </failure>
  </testcase> <!-- verifyFilterFunctionality -->
  <testcase classname="com.sauceDemo.TestClasses.TC06_VerifyAboutFunctionality" name="verifyAboutFuctionality" time="8.863"/>
</testsuite> <!-- Test -->
