<?xml version="1.0" encoding="UTF-8"?>
<!-- Generated by org.testng.reporters.JUnitXMLReporter -->
<testsuite ignored="0" hostname="DESKTOP-9FF3BPS" failures="0" tests="6" name="chromeTest" time="71.055" errors="0" timestamp="2022-10-08T14:58:46 IST">
  <testcase classname="com.sauceDemo.TestClasses.TC01_VerifyLoginFunctionality" name="verifyLoginFunctionality" time="0.014"/>
  <testcase classname="com.sauceDemo.TestClasses.TC01_VerifyLoginFunctionality" name="verifyAboutFuctionality" time="9.707"/>
  <testcase classname="com.sauceDemo.TestClasses.TC02_VerifyLogOutFunctionality" name="verifyLogoutFunctionality" time="0.552"/>
  <testcase classname="com.sauceDemo.TestClasses.TC03_VerifyBagAddToCartFuctionality" name="verifyBagAddToCartFunctionality" time="0.311"/>
  <testcase classname="com.sauceDemo.TestClasses.TC04_VerifyAllproductAddToCartFunctionality" name="verifyAllProductFunctionality" time="1.429"/>
  <testcase classname="com.sauceDemo.TestClasses.TC05_VerifyFilterFunctionality" name="verifyFilterFunctionality" time="0.616"/>
</testsuite> <!-- chromeTest -->
