<?xml version="1.0" encoding="UTF-8"?>
<!-- Generated by org.testng.reporters.JUnitXMLReporter -->
<testsuite ignored="0" hostname="DESKTOP-9FF3BPS" failures="1" tests="6" name="firefoxTest" time="85.354" errors="0" timestamp="2022-10-08T14:23:37 IST">
  <testcase classname="com.sauceDemo.TestClasses.TC01_VerifyLoginFunctionality" name="verifyLoginFunctionality" time="0.005"/>
  <testcase classname="com.sauceDemo.TestClasses.TC01_VerifyLoginFunctionality" name="verifyAboutFuctionality" time="10.91"/>
  <testcase classname="com.sauceDemo.TestClasses.TC02_VerifyLogOutFunctionality" name="verifyLogoutFunctionality" time="0.535"/>
  <testcase classname="com.sauceDemo.TestClasses.TC03_VerifyBagAddToCartFuctionality" name="verifyBagAddToCartFunctionality" time="0.349"/>
  <testcase classname="com.sauceDemo.TestClasses.TC04_VerifyAllproductAddToCartFunctionality" name="verifyAllProductFunctionality" time="1.465"/>
  <testcase classname="com.sauceDemo.TestClasses.TC05_VerifyFilterFunctionality" name="verifyFilterFunctionality" time="0.002">
    <failure type="java.lang.Error" message="Unresolved compilation problem: 
	clickDropDown cannot be resolved
">
      <![CDATA[java.lang.Error: Unresolved compilation problem: 
clickDropDown cannot be resolved

at com.sauceDemo.TestClasses.TC05_VerifyFilterFunctionality.verifyFilterFunctionality(TC05_VerifyFilterFunctionality.java:50)
at java.base/java.util.ArrayList.forEach(ArrayList.java:1511)
... Removed 25 stack frames]]>
    </failure>
  </testcase> <!-- verifyFilterFunctionality -->
</testsuite> <!-- firefoxTest -->
